Build started 31/08/2014 3:54:50 AM.
     1>Project "C:\Users\Creasote\Dropbox\Documents\JCU\Thesis\Code\Trial and experimentation\videoCircleDetector\videoCircleDetector\videoCircleDetector.vcxproj" on node 2 (Build target(s)).
     1>InitializeBuildStatus:
         Creating "Debug\videoCircleDetector.unsuccessfulbuild" because "AlwaysCreate" was specified.
       ClCompile:
         All outputs are up-to-date.
         C:\Program Files (x86)\Microsoft Visual Studio 11.0\VC\bin\CL.exe /c /IC:\opencv\build\\include /ZI /nologo /W3 /WX- /sdl /Od /Oy- /D WIN32 /D _DEBUG /D _CONSOLE /D _UNICODE /D UNICODE /Gm /EHsc /RTC1 /MDd /GS /fp:precise /Zc:wchar_t /Zc:forScope /Yu"stdafx.h" /Fp"Debug\videoCircleDetector.pch" /Fo"Debug\\" /Fd"Debug\vc110.pdb" /Gd /TP /analyze- /errorReport:prompt videoCircleDetector.cpp
         videoCircleDetector.cpp
     1>c:\users\creasote\dropbox\documents\jcu\thesis\code\trial and experimentation\videocircledetector\videocircledetector\videocircledetector.cpp(119): warning C4244: 'initializing' : conversion from 'double' to 'int', possible loss of data
     1>c:\users\creasote\dropbox\documents\jcu\thesis\code\trial and experimentation\videocircledetector\videocircledetector\videocircledetector.cpp(124): warning C4244: 'initializing' : conversion from 'double' to 'int', possible loss of data
     1>c:\users\creasote\dropbox\documents\jcu\thesis\code\trial and experimentation\videocircledetector\videocircledetector\videocircledetector.cpp(203): warning C4244: 'initializing' : conversion from 'double' to 'int', possible loss of data
     1>c:\users\creasote\dropbox\documents\jcu\thesis\code\trial and experimentation\videocircledetector\videocircledetector\videocircledetector.cpp(247): warning C4244: 'initializing' : conversion from 'float' to 'int', possible loss of data
     1>c:\users\creasote\dropbox\documents\jcu\thesis\code\trial and experimentation\videocircledetector\videocircledetector\videocircledetector.cpp(250): warning C4244: 'initializing' : conversion from 'float' to 'int', possible loss of data
     1>c:\users\creasote\dropbox\documents\jcu\thesis\code\trial and experimentation\videocircledetector\videocircledetector\videocircledetector.cpp(257): warning C4244: 'initializing' : conversion from 'double' to 'int', possible loss of data
     1>c:\users\creasote\dropbox\documents\jcu\thesis\code\trial and experimentation\videocircledetector\videocircledetector\videocircledetector.cpp(259): warning C4244: 'initializing' : conversion from 'double' to 'int', possible loss of data
     1>c:\users\creasote\dropbox\documents\jcu\thesis\code\trial and experimentation\videocircledetector\videocircledetector\videocircledetector.cpp(269): warning C4244: 'argument' : conversion from 'double' to 'int', possible loss of data
       Link:
         C:\Program Files (x86)\Microsoft Visual Studio 11.0\VC\bin\link.exe /ERRORREPORT:PROMPT /OUT:"C:\Users\Creasote\Dropbox\Documents\JCU\Thesis\Code\Trial and experimentation\videoCircleDetector\Debug\videoCircleDetector.exe" /INCREMENTAL /NOLOGO /LIBPATH:C:\opencv\build\\x86\vc11\lib opencv_calib3d249d.lib opencv_contrib249d.lib opencv_core249d.lib opencv_features2d249d.lib opencv_flann249d.lib opencv_gpu249d.lib opencv_highgui249d.lib opencv_imgproc249d.lib opencv_legacy249d.lib opencv_ml249d.lib opencv_nonfree249d.lib opencv_objdetect249d.lib opencv_ocl249d.lib opencv_photo249d.lib opencv_stitching249d.lib opencv_superres249d.lib opencv_ts249d.lib opencv_video249d.lib opencv_videostab249d.lib kernel32.lib user32.lib gdi32.lib winspool.lib comdlg32.lib advapi32.lib shell32.lib ole32.lib oleaut32.lib uuid.lib odbc32.lib odbccp32.lib /MANIFEST /MANIFESTUAC:"level='asInvoker' uiAccess='false'" /manifest:embed /DEBUG /PDB:"C:\Users\Creasote\Dropbox\Documents\JCU\Thesis\Code\Trial and experimentation\videoCircleDetector\Debug\videoCircleDetector.pdb" /SUBSYSTEM:CONSOLE /TLBID:1 /DYNAMICBASE /NXCOMPAT /IMPLIB:"C:\Users\Creasote\Dropbox\Documents\JCU\Thesis\Code\Trial and experimentation\videoCircleDetector\Debug\videoCircleDetector.lib" /MACHINE:X86 Debug\stdafx.obj
         Debug\videoCircleDetector.obj
         videoCircleDetector.vcxproj -> C:\Users\Creasote\Dropbox\Documents\JCU\Thesis\Code\Trial and experimentation\videoCircleDetector\Debug\videoCircleDetector.exe
       FinalizeBuildStatus:
         Deleting file "Debug\videoCircleDetector.unsuccessfulbuild".
         Touching "Debug\videoCircleDetector.lastbuildstate".
     1>Done Building Project "C:\Users\Creasote\Dropbox\Documents\JCU\Thesis\Code\Trial and experimentation\videoCircleDetector\videoCircleDetector\videoCircleDetector.vcxproj" (Build target(s)).

Build succeeded.

Time Elapsed 00:00:04.22
